<?xml version="1.0" encoding="UTF-8"?>
<testsuite name="PhoneBookTest" tests="1" skipped="0" failures="0" errors="0" timestamp="2022-03-06T20:01:39" hostname="DESKTOP-HNQ0AKR" time="41.331">
  <properties/>
  <testcase name="start" classname="PhoneBookTest" time="41.331"/>
  <system-out><![CDATA[?[1;31m
Start test 1?[0m
Start searching (linear search)...
Found 500 / 500 entries. Time taken: 0 min. 3 sec. 180 ms.

Start searching (bubble sort + jump search)...
Found 500 / 500 entries. Time taken: 0 min. 34 sec. 901 ms.
Sorting time: 0 min. 31 sec. 805 ms. - STOPPED, moved to linear search
Searching time: 0 min. 3 sec. 96 ms.

Start searching (quick sort + binary search)...
Found 500 / 500 entries. Time taken: 0 min. 2 sec. 578 ms.
Sorting time: 0 min. 2 sec. 576 ms.
Searching time: 0 min. 0 sec. 2 ms.

Start searching (hash table)...
Found 500 / 500 entries. Time taken: 0 min. 0 sec. 150 ms.
Creating time: 0 min. 0 sec. 150 ms.
Searching time: 0 min. 0 sec. 0 ms.
]]></system-out>
  <system-err><![CDATA[]]></system-err>
</testsuite>
